<?xml version="1.0" encoding="UTF-8"?>
<!-- Generated by org.testng.reporters.JUnitReportReporter -->
<testsuite hostname="nadir93-macpro.local" name="kr.co.adflow.push.testng.TestPushController" tests="3" failures="0" timestamp="21 Mar 2014 16:03:55 GMT" time="0.092" errors="0">
  <testcase name="isAvailable" time="0.087" classname="kr.co.adflow.push.testng.TestPushController"/>
  <testcase name="sendMessage" time="0.003" classname="kr.co.adflow.push.testng.TestPushController"/>
  <testcase name="sendTopic" time="0.002" classname="kr.co.adflow.push.testng.TestPushController"/>
</testsuite> <!-- kr.co.adflow.push.testng.TestPushController -->
