<?xml version="1.0" encoding="UTF-8"?>
<!-- Generated by org.testng.reporters.JUnitReportReporter -->
<testsuite hostname="nadir93-macpro.local" name="kr.co.adflow.push.testng.TestPushController" tests="3" failures="0" timestamp="23 Mar 2014 13:32:50 GMT" time="0.127" errors="0">
  <testcase name="sendMessage" time="0.021" classname="kr.co.adflow.push.testng.TestPushController"/>
  <testcase name="isAvailable" time="0.101" classname="kr.co.adflow.push.testng.TestPushController"/>
  <testcase name="sendTopic" time="0.005" classname="kr.co.adflow.push.testng.TestPushController"/>
</testsuite> <!-- kr.co.adflow.push.testng.TestPushController -->
