<?xml version="1.0" encoding="UTF-8"?>
<!-- Generated by org.testng.reporters.JUnitReportReporter -->
<testsuite hostname="nadir93-macpro.local" name="kr.co.adflow.push.testng.TestPush" tests="3" failures="0" timestamp="21 Mar 2014 08:59:50 GMT" time="0.087" errors="0">
  <testcase name="sendMessage" time="0.003" classname="kr.co.adflow.push.testng.TestPush"/>
  <testcase name="sendTopic" time="0.003" classname="kr.co.adflow.push.testng.TestPush"/>
  <testcase name="isAvailable" time="0.081" classname="kr.co.adflow.push.testng.TestPush"/>
</testsuite> <!-- kr.co.adflow.push.testng.TestPush -->
