<?xml version="1.0" encoding="UTF-8"?>
<beans xmlns="http://www.springframework.org/schema/beans"
	xmlns:xsi="http://www.w3.org/2001/XMLSchema-instance" xmlns:aop="http://www.springframework.org/schema/aop"
	xmlns:jdbc="http://www.springframework.org/schema/jdbc" xmlns:jee="http://www.springframework.org/schema/jee"
	xmlns:tx="http://www.springframework.org/schema/tx" xmlns:jms="http://www.springframework.org/schema/jms"
	xmlns:util="http://www.springframework.org/schema/util" xmlns:context="http://www.springframework.org/schema/context"
	xsi:schemaLocation="http://www.springframework.org/schema/jee http://www.springframework.org/schema/jee/spring-jee-3.1.xsd
		http://www.springframework.org/schema/jdbc http://www.springframework.org/schema/jdbc/spring-jdbc-4.0.xsd
		http://www.springframework.org/schema/aop http://www.springframework.org/schema/aop/spring-aop-3.1.xsd
		http://www.springframework.org/schema/jms http://www.springframework.org/schema/jms/spring-jms-3.1.xsd
		http://www.springframework.org/schema/beans http://www.springframework.org/schema/beans/spring-beans.xsd
		http://www.springframework.org/schema/util http://www.springframework.org/schema/util/spring-util-3.1.xsd
		http://www.springframework.org/schema/tx http://www.springframework.org/schema/tx/spring-tx-4.0.xsd
		http://www.springframework.org/schema/context http://www.springframework.org/schema/context/spring-context.xsd">


	<!-- Root Context: defines shared resources visible to all other web components -->

	<util:properties id="pms"
		location="file:${user.home}/pms/config.properties" />


	<bean id="dataSource"
		class="org.springframework.jdbc.datasource.SimpleDriverDataSource">
		<property name="driverClass" value="com.mysql.jdbc.Driver" />
		<property name="url"
			value="jdbc:mysql://112.223.76.75:13306/pms?useUnicode=true&amp;characterEncoding=utf8" />
		<property name="username" value="root" />
		<property name="password" value="passw0rd" />
	</bean>


	<bean id="transactionManagerPms"
		class="org.springframework.jdbc.datasource.DataSourceTransactionManager">
		<property name="dataSource" ref="dataSource" />
	</bean>

	<bean id="sqlSessionFactoryPms" class="org.mybatis.spring.SqlSessionFactoryBean">
		<property name="dataSource" ref="dataSource" />
		<property name="typeAliasesPackage" value="kr.co.adflow.pms.domain.mapper" />
		<property name="mapperLocations"
			value="classpath:kr/co/adflow/pms/domain/mapper/*.xml" />
	</bean>

	<bean id="dsScannerPms" class="org.mybatis.spring.mapper.MapperScannerConfigurer">
		<property name="basePackage" value="kr.co.adflow.pms.domain.mapper" />
		<property name="sqlSessionFactoryBeanName" value="sqlSessionFactoryPms" />
	</bean>

	<bean id="sqlSessionPms" class="org.mybatis.spring.SqlSessionTemplate">
		<constructor-arg name="sqlSessionFactory" ref="sqlSessionFactoryPms" />
	</bean>

	<!-- jmsConnectionFactory -->
	<bean id="tJmsFactory" class="com.ibm.mq.jms.MQTopicConnectionFactory">

		<property name="connectionNameList"
			value="#{pms['mq.jms.hostname']},#{pms['mq.jms.hostname.s']}" />
		<property name="queueManager" value="#{pms['mq.jms.queue.manager']}" />
		<property name="transportType" value="1" />
		<property name="channel" value="#{pms['mq.jms.channel']}" />
	</bean>

	<bean id="tJmsCredentialsConnectionFactory"
		class="org.springframework.jms.connection.UserCredentialsConnectionFactoryAdapter">
		<property name="targetConnectionFactory" ref="tJmsFactory" />
		<property name="username" value="#{pms['mq.jms.username']}" />
		<property name="password" value="#{pms['mq.jms.password']}" />
	</bean>

	<!-- springConnectionFactory -->
	<bean id="tJmsConnectionFactory"
		class="org.springframework.jms.connection.CachingConnectionFactory">
		<property name="targetConnectionFactory" ref="tJmsCredentialsConnectionFactory" />
		<property name="sessionCacheSize" value="#{pms['mq.jms.session.cache.size']}" />

	</bean>

	<!-- dynamicDestinationResolver -->
	<bean id="tJmsDestinationResolver"
		class="org.springframework.jms.support.destination.DynamicDestinationResolver">
	</bean>

	<!-- jmsTemplate -->
	<bean id="jmsTemplate" class="org.springframework.jms.core.JmsTemplate">
		<property name="connectionFactory" ref="tJmsConnectionFactory" />
		<property name="destinationResolver">
			<ref bean="tJmsDestinationResolver" />
		</property>
		<property name="pubSubDomain">
			<value>true</value>
		</property>
	</bean>

	<!-- <jms:listener-container> -->

	<!-- <jms:listener destination="queue.orders" ref="orderService" method="placeOrder"/> -->

	<!-- <jms:listener destination="queue.confirmations" ref="confirmationLogger" 
		method="log"/> -->

	<!-- </jms:listener-container> -->

	<bean id="qJmsFactory" class="com.ibm.mq.jms.MQQueueConnectionFactory">

		<property name="connectionNameList"
			value="#{pms['mq.jms.hostname']},#{pms['mq.jms.hostname.s']}" />
		<property name="queueManager" value="#{pms['mq.jms.queue.manager']}" />
		<property name="transportType" value="1" />
		<property name="channel" value="#{pms['mq.jms.channel']}" />
	</bean>

	<bean id="qJmsCredentialsConnectionFactory"
		class="org.springframework.jms.connection.UserCredentialsConnectionFactoryAdapter">
		<property name="targetConnectionFactory" ref="qJmsFactory" />
		<property name="username" value="#{pms['mq.jms.username']}" />
		<property name="password" value="#{pms['mq.jms.password']}" />
	</bean>

	<bean id="qJmsConnectionFactory"
		class="org.springframework.jms.connection.CachingConnectionFactory">
		<property name="targetConnectionFactory" ref="qJmsCredentialsConnectionFactory" />
		<property name="sessionCacheSize" value="#{pms['mq.jms.session.cache.size']}" />

	</bean>


	<bean id="qJmsContainer"
		class="org.springframework.jms.listener.DefaultMessageListenerContainer">
		<property name="connectionFactory" ref="qJmsConnectionFactory" />
		<property name="destination" ref="qJmsDestination" />
		<property name="messageListener" ref="ackMessageDrivenBean" />
	</bean>

	<bean id="ackMessageDrivenBean" class="kr.co.adflow.pms.core.handler.AckMessageDrivenBean"></bean>

	<bean id="qJmsDestination" class="com.ibm.mq.jms.MQQueue">
		<property name="baseQueueName">
			<value>#{pms['mq.jms.ack.queue.name']}</value>
		</property>
	</bean>

	<bean id="pcfConnectionPool"
		class="kr.co.adflow.pms.core.handler.PCFConnectionManagerHandler"
		init-method="init"></bean>


	<!-- Creates the JSR-303 Validator -->
	<bean id="validator"
		class="org.springframework.validation.beanvalidation.LocalValidatorFactoryBean" />

	<context:component-scan base-package="kr.co.adflow" />
</beans>
