<?xml version="1.0" encoding="UTF-8"?>
<!-- Generated by org.testng.reporters.JUnitReportReporter -->
<testsuite hostname="chan-PC" name="kr.co.adflow.pms.core.pcf.TokenControllerTest" tests="4" failures="1" timestamp="20 Oct 2015 01:21:54 GMT" time="0.564" errors="0">
  <testcase name="tokenValidate" time="0.024" classname="kr.co.adflow.pms.core.pcf.TokenControllerTest"/>
  <testcase name="tokenCreate" time="0.402" classname="kr.co.adflow.pms.core.pcf.TokenControllerTest"/>
  <testcase name="getConnections" time="0.125" classname="kr.co.adflow.pms.core.pcf.TokenControllerTest">
    <failure type="com.ibm.mq.MQException" message="MQJE001: 완료 코드 &#039;2&#039;, 이유 &#039;2495&#039;">
      <![CDATA[com.ibm.mq.MQException: MQJE001: 완료 코드 '2', 이유 '2495'
	at com.ibm.mq.MQSESSION.<init>(MQSESSION.java:2098)
	at com.ibm.mq.MQSESSION.getSession(MQSESSION.java:2138)
	at com.ibm.mq.MQManagedConnectionJ11.<init>(MQManagedConnectionJ11.java:211)
	at com.ibm.mq.MQBindingsManagedConnectionFactoryJ11._createManagedConnection(MQBindingsManagedConnectionFactoryJ11.java:259)
	at com.ibm.mq.MQBindingsManagedConnectionFactoryJ11.createManagedConnection(MQBindingsManagedConnectionFactoryJ11.java:315)
	at com.ibm.mq.StoredManagedConnection.<init>(StoredManagedConnection.java:107)
	at com.ibm.mq.MQSimpleConnectionManager.allocateConnection(MQSimpleConnectionManager.java:205)
	at com.ibm.mq.MQQueueManagerFactory.obtainBaseMQQueueManager(MQQueueManagerFactory.java:911)
	at com.ibm.mq.MQQueueManagerFactory.procure(MQQueueManagerFactory.java:799)
	at com.ibm.mq.MQQueueManagerFactory.constructQueueManager(MQQueueManagerFactory.java:750)
	at com.ibm.mq.MQQueueManagerFactory.createQueueManager(MQQueueManagerFactory.java:157)
	at com.ibm.mq.MQQueueManager.<init>(MQQueueManager.java:912)
	at kr.co.adflow.pms.core.service.PCFServiceImpl.getStatus(PCFServiceImpl.java:35)
	at kr.co.adflow.pms.core.controller.TokenController.getTokenStatus(TokenController.java:194)
	at kr.co.adflow.pms.core.pcf.TokenControllerTest.getConnections(TokenControllerTest.java:117)
	at sun.reflect.NativeMethodAccessorImpl.invoke0(Native Method)
	at sun.reflect.NativeMethodAccessorImpl.invoke(NativeMethodAccessorImpl.java:57)
	at sun.reflect.DelegatingMethodAccessorImpl.invoke(DelegatingMethodAccessorImpl.java:43)
	at java.lang.reflect.Method.invoke(Method.java:606)
	at org.testng.internal.MethodInvocationHelper.invokeMethod(MethodInvocationHelper.java:84)
	at org.testng.internal.MethodInvocationHelper$1.runTestMethod(MethodInvocationHelper.java:200)
	at org.springframework.test.context.testng.AbstractTestNGSpringContextTests.run(AbstractTestNGSpringContextTests.java:158)
	at sun.reflect.NativeMethodAccessorImpl.invoke0(Native Method)
	at sun.reflect.NativeMethodAccessorImpl.invoke(NativeMethodAccessorImpl.java:57)
	at sun.reflect.DelegatingMethodAccessorImpl.invoke(DelegatingMethodAccessorImpl.java:43)
	at java.lang.reflect.Method.invoke(Method.java:606)
	at org.testng.internal.MethodInvocationHelper.invokeHookable(MethodInvocationHelper.java:212)
	at org.testng.internal.Invoker.invokeMethod(Invoker.java:707)
	at org.testng.internal.Invoker.invokeTestMethod(Invoker.java:901)
	at org.testng.internal.Invoker.invokeTestMethods(Invoker.java:1231)
	at org.testng.internal.TestMethodWorker.invokeTestMethods(TestMethodWorker.java:127)
	at org.testng.internal.TestMethodWorker.run(TestMethodWorker.java:111)
	at org.testng.TestRunner.privateRun(TestRunner.java:767)
	at org.testng.TestRunner.run(TestRunner.java:617)
	at org.testng.SuiteRunner.runTest(SuiteRunner.java:334)
	at org.testng.SuiteRunner.runSequentially(SuiteRunner.java:329)
	at org.testng.SuiteRunner.privateRun(SuiteRunner.java:291)
	at org.testng.SuiteRunner.run(SuiteRunner.java:240)
	at org.testng.SuiteRunnerWorker.runSuite(SuiteRunnerWorker.java:52)
	at org.testng.SuiteRunnerWorker.run(SuiteRunnerWorker.java:86)
	at org.testng.TestNG.runSuitesSequentially(TestNG.java:1224)
	at org.testng.TestNG.runSuitesLocally(TestNG.java:1149)
	at org.testng.TestNG.run(TestNG.java:1057)
	at org.testng.remote.RemoteTestNG.run(RemoteTestNG.java:111)
	at org.testng.remote.RemoteTestNG.initAndRun(RemoteTestNG.java:204)
	at org.testng.remote.RemoteTestNG.main(RemoteTestNG.java:175)
Caused by: com.ibm.mq.jmqi.JmqiException: CC=2;RC=2495;AMQ8568: 고유 JNI 라이브러리 ₩'mqjbnd64₩'을(를) 찾을 수 없습니다. 클라이언트 설치의 경우 이 라이브러리가 필요합니다. [3=mqjbnd64]
	at com.ibm.mq.jmqi.local.LocalMQ.loadLib(LocalMQ.java:1265)
	at com.ibm.mq.jmqi.local.LocalMQ.loadLib(LocalMQ.java:1084)
	at com.ibm.mq.jmqi.local.LocalMQ$1.run(LocalMQ.java:289)
	at java.security.AccessController.doPrivileged(Native Method)
	at com.ibm.mq.jmqi.local.LocalMQ.initialise_inner(LocalMQ.java:281)
	at com.ibm.mq.jmqi.local.LocalMQ.initialise(LocalMQ.java:244)
	at com.ibm.mq.jmqi.local.LocalMQ.<init>(LocalMQ.java:1329)
	at com.ibm.mq.jmqi.local.LocalServer.<init>(LocalServer.java:206)
	at sun.reflect.NativeConstructorAccessorImpl.newInstance0(Native Method)
	at sun.reflect.NativeConstructorAccessorImpl.newInstance(NativeConstructorAccessorImpl.java:57)
	at sun.reflect.DelegatingConstructorAccessorImpl.newInstance(DelegatingConstructorAccessorImpl.java:45)
	at java.lang.reflect.Constructor.newInstance(Constructor.java:526)
	at com.ibm.mq.jmqi.JmqiEnvironment.getInstance(JmqiEnvironment.java:681)
	at com.ibm.mq.jmqi.JmqiEnvironment.getMQI(JmqiEnvironment.java:615)
	at com.ibm.mq.MQSESSION.<init>(MQSESSION.java:2091)
	... 45 more
Caused by: java.lang.UnsatisfiedLinkError: no mqjbnd64 in java.library.path
	at java.lang.ClassLoader.loadLibrary(ClassLoader.java:1886)
	at java.lang.Runtime.loadLibrary0(Runtime.java:849)
	at java.lang.System.loadLibrary(System.java:1088)
	at com.ibm.mq.jmqi.local.LocalMQ.loadLib(LocalMQ.java:1205)
	... 59 more
]]>
    </failure>
  </testcase> <!-- getConnections -->
  <testcase name="getToken" time="0.013" classname="kr.co.adflow.pms.core.pcf.TokenControllerTest"/>
</testsuite> <!-- kr.co.adflow.pms.core.pcf.TokenControllerTest -->
