<?xml version="1.0" encoding="UTF-8"?>
<!-- Generated by org.testng.reporters.JUnitReportReporter -->
<testsuite hostname="chan-PC" name="kr.co.adflow.pms.core.pcf.MessageControllerTest" tests="1" failures="0" timestamp="20 Oct 2015 05:05:32 GMT" time="0.549" errors="0">
  <testcase name="messageSendTest" time="0.549" classname="kr.co.adflow.pms.core.pcf.MessageControllerTest"/>
</testsuite> <!-- kr.co.adflow.pms.core.pcf.MessageControllerTest -->
