<?xml version="1.0" encoding="UTF-8"?>
<!-- Generated by org.testng.reporters.JUnitReportReporter -->
<testsuite hostname="chan-PC" name="kr.co.adflow.pms.core.test.MessageControllerTest" tests="5" failures="0" timestamp="9 Nov 2015 07:56:55 GMT" time="6.426" errors="0">
  <testcase name="getStatistics" time="1.509" classname="kr.co.adflow.pms.core.test.MessageControllerTest"/>
  <testcase name="getMessage" time="1.346" classname="kr.co.adflow.pms.core.test.MessageControllerTest"/>
  <testcase name="getAckMessage" time="0.894" classname="kr.co.adflow.pms.core.test.MessageControllerTest"/>
  <testcase name="messageSendTest" time="2.151" classname="kr.co.adflow.pms.core.test.MessageControllerTest"/>
  <testcase name="messageSystemTest" time="0.526" classname="kr.co.adflow.pms.core.test.MessageControllerTest"/>
</testsuite> <!-- kr.co.adflow.pms.core.test.MessageControllerTest -->
