<?xml version="1.0" encoding="UTF-8"?>
<!-- Generated by org.testng.reporters.JUnitReportReporter -->
<testsuite hostname="chan-PC" name="kr.co.adflow.pms.core.pcf.UserControllerTest" tests="4" failures="0" timestamp="22 Oct 2015 07:48:39 GMT" time="1.419" errors="0">
  <testcase name="deleteUser" time="0.410" classname="kr.co.adflow.pms.core.pcf.UserControllerTest"/>
  <testcase name="createUser" time="0.590" classname="kr.co.adflow.pms.core.pcf.UserControllerTest"/>
  <testcase name="updateUser" time="0.290" classname="kr.co.adflow.pms.core.pcf.UserControllerTest"/>
  <testcase name="getUserInfo" time="0.129" classname="kr.co.adflow.pms.core.pcf.UserControllerTest"/>
</testsuite> <!-- kr.co.adflow.pms.core.pcf.UserControllerTest -->
