<?xml version="1.0" encoding="UTF-8"?>
<!-- Generated by org.testng.reporters.JUnitReportReporter -->
<testsuite hostname="chan-PC" name="kr.co.adflow.pms.core.test.GroupControllerTest" tests="4" failures="0" timestamp="9 Nov 2015 07:56:38 GMT" time="4.994" errors="0">
  <testcase name="getGroup" time="0.902" classname="kr.co.adflow.pms.core.test.GroupControllerTest"/>
  <testcase name="deleteGroup" time="1.427" classname="kr.co.adflow.pms.core.test.GroupControllerTest"/>
  <testcase name="createGroup" time="1.698" classname="kr.co.adflow.pms.core.test.GroupControllerTest"/>
  <testcase name="updateGroup" time="0.967" classname="kr.co.adflow.pms.core.test.GroupControllerTest"/>
</testsuite> <!-- kr.co.adflow.pms.core.test.GroupControllerTest -->
