<?xml version="1.0" encoding="UTF-8"?>
<!-- Generated by org.testng.reporters.JUnitReportReporter -->
<testsuite hostname="chan-PC" name="kr.co.adflow.pms.core.pcf.TokenControllerTest" tests="1" failures="0" timestamp="16 Oct 2015 10:49:55 GMT" time="0.410" errors="0">
  <testcase name="test" time="0.410" classname="kr.co.adflow.pms.core.pcf.TokenControllerTest"/>
</testsuite> <!-- kr.co.adflow.pms.core.pcf.TokenControllerTest -->
