<?xml version="1.0" encoding="UTF-8"?>
<!-- Generated by org.testng.reporters.JUnitReportReporter -->
<testsuite hostname="chan-PC" name="kr.co.adflow.pms.core.test.GroupControllerTest" tests="4" failures="0" timestamp="6 Nov 2015 09:44:49 GMT" time="6.080" errors="0">
  <testcase name="getGroup" time="1.506" classname="kr.co.adflow.pms.core.test.GroupControllerTest"/>
  <testcase name="updateGroup" time="1.364" classname="kr.co.adflow.pms.core.test.GroupControllerTest"/>
  <testcase name="createGroup" time="1.842" classname="kr.co.adflow.pms.core.test.GroupControllerTest"/>
  <testcase name="deleteGroup" time="1.368" classname="kr.co.adflow.pms.core.test.GroupControllerTest"/>
</testsuite> <!-- kr.co.adflow.pms.core.test.GroupControllerTest -->
