<?xml version="1.0" encoding="UTF-8"?>
<!-- Generated by org.testng.reporters.JUnitReportReporter -->
<testsuite hostname="chan-PC" name="kr.co.adflow.pms.core.test.MonitorControllerTest" tests="1" failures="0" timestamp="9 Nov 2015 02:36:37 GMT" time="2.832" errors="0">
  <testcase name="getServerInfo" time="2.832" classname="kr.co.adflow.pms.core.test.MonitorControllerTest"/>
</testsuite> <!-- kr.co.adflow.pms.core.test.MonitorControllerTest -->
