<?xml version="1.0" encoding="UTF-8"?>
<!-- Generated by org.testng.reporters.JUnitReportReporter -->
<testsuite hostname="chan-PC" name="kr.co.adflow.pms.core.test.MessageControllerTest" tests="5" failures="0" timestamp="10 Nov 2015 05:25:05 GMT" time="6.576" errors="0">
  <testcase name="messageSystemTest" time="0.569" classname="kr.co.adflow.pms.core.test.MessageControllerTest"/>
  <testcase name="getMessage" time="1.468" classname="kr.co.adflow.pms.core.test.MessageControllerTest"/>
  <testcase name="messageSendTest" time="2.130" classname="kr.co.adflow.pms.core.test.MessageControllerTest"/>
  <testcase name="getAckMessage" time="1.311" classname="kr.co.adflow.pms.core.test.MessageControllerTest"/>
  <testcase name="getStatistics" time="1.098" classname="kr.co.adflow.pms.core.test.MessageControllerTest"/>
</testsuite> <!-- kr.co.adflow.pms.core.test.MessageControllerTest -->
