<?xml version="1.0" encoding="UTF-8"?>
<!-- Generated by org.testng.reporters.JUnitReportReporter -->
<testsuite hostname="chan-PC" name="kr.co.adflow.pms.core.pcf.MessageControllerTest" tests="5" failures="0" timestamp="26 Oct 2015 05:45:59 GMT" time="1.687" errors="0">
  <testcase name="messageSendTest" time="0.867" classname="kr.co.adflow.pms.core.pcf.MessageControllerTest"/>
  <testcase name="getMessage" time="0.286" classname="kr.co.adflow.pms.core.pcf.MessageControllerTest"/>
  <testcase name="getStatistics" time="0.309" classname="kr.co.adflow.pms.core.pcf.MessageControllerTest"/>
  <testcase name="messageSystemTest" time="0.092" classname="kr.co.adflow.pms.core.pcf.MessageControllerTest"/>
  <testcase name="getAckMessage" time="0.133" classname="kr.co.adflow.pms.core.pcf.MessageControllerTest"/>
</testsuite> <!-- kr.co.adflow.pms.core.pcf.MessageControllerTest -->
