<?xml version="1.0" encoding="UTF-8"?>
<!-- Generated by org.testng.reporters.JUnitReportReporter -->
<testsuite hostname="chan-PC" name="kr.co.adflow.pms.core.pcf.PCFConnection" tests="1" failures="0" timestamp="24 Sep 2015 06:37:07 GMT" time="0.319" errors="0">
  <testcase name="testMessageService" time="0.319" classname="kr.co.adflow.pms.core.pcf.PCFConnection"/>
</testsuite> <!-- kr.co.adflow.pms.core.pcf.PCFConnection -->
