<?xml version="1.0" encoding="UTF-8"?>
<!-- Generated by org.testng.reporters.JUnitReportReporter -->
<testsuite hostname="chan-PC" name="kr.co.adflow.pms.core.test.GroupControllerTest" tests="4" failures="0" timestamp="10 Nov 2015 05:25:32 GMT" time="4.845" errors="0">
  <testcase name="getGroup" time="0.892" classname="kr.co.adflow.pms.core.test.GroupControllerTest"/>
  <testcase name="createGroup" time="1.753" classname="kr.co.adflow.pms.core.test.GroupControllerTest"/>
  <testcase name="deleteGroup" time="1.205" classname="kr.co.adflow.pms.core.test.GroupControllerTest"/>
  <testcase name="updateGroup" time="0.995" classname="kr.co.adflow.pms.core.test.GroupControllerTest"/>
</testsuite> <!-- kr.co.adflow.pms.core.test.GroupControllerTest -->
