<?xml version="1.0" encoding="UTF-8"?>
<!-- Generated by org.testng.reporters.JUnitReportReporter -->
<testsuite hostname="chan-PC" name="kr.co.adflow.pms.core.test.MonitorControllerTest" tests="1" failures="0" timestamp="10 Nov 2015 05:24:40 GMT" time="2.854" errors="0">
  <testcase name="getServerInfo" time="2.854" classname="kr.co.adflow.pms.core.test.MonitorControllerTest"/>
</testsuite> <!-- kr.co.adflow.pms.core.test.MonitorControllerTest -->
