<?xml version="1.0" encoding="UTF-8"?>
<!-- Generated by org.testng.reporters.JUnitReportReporter -->
<testsuite hostname="chan-PC" name="kr.co.adflow.pms.core.test.RoleControllerTest" tests="4" failures="0" timestamp="6 Nov 2015 10:57:13 GMT" time="6.899" errors="0">
  <testcase name="getRole" time="1.466" classname="kr.co.adflow.pms.core.test.RoleControllerTest"/>
  <testcase name="deleteRole" time="2.153" classname="kr.co.adflow.pms.core.test.RoleControllerTest"/>
  <testcase name="createRole" time="1.763" classname="kr.co.adflow.pms.core.test.RoleControllerTest"/>
  <testcase name="updateRole" time="1.517" classname="kr.co.adflow.pms.core.test.RoleControllerTest"/>
</testsuite> <!-- kr.co.adflow.pms.core.test.RoleControllerTest -->
