<?xml version="1.0" encoding="UTF-8"?>
<!-- Generated by org.testng.reporters.JUnitReportReporter -->
<testsuite hostname="chan-PC" name="kr.co.adflow.pms.core.test.RoleControllerTest" tests="4" failures="0" timestamp="10 Nov 2015 05:24:19 GMT" time="4.961" errors="0">
  <testcase name="createRole" time="1.609" classname="kr.co.adflow.pms.core.test.RoleControllerTest"/>
  <testcase name="getRole" time="0.874" classname="kr.co.adflow.pms.core.test.RoleControllerTest"/>
  <testcase name="deleteRole" time="1.499" classname="kr.co.adflow.pms.core.test.RoleControllerTest"/>
  <testcase name="updateRole" time="0.979" classname="kr.co.adflow.pms.core.test.RoleControllerTest"/>
</testsuite> <!-- kr.co.adflow.pms.core.test.RoleControllerTest -->
