<?xml version="1.0" encoding="UTF-8"?>
<!-- Generated by org.testng.reporters.JUnitReportReporter -->
<testsuite hostname="chan-PC" name="kr.co.adflow.pms.core.pcf.MessageControllerTest" tests="4" failures="0" timestamp="22 Oct 2015 07:50:54 GMT" time="1.292" errors="0">
  <testcase name="messageSendTest" time="0.690" classname="kr.co.adflow.pms.core.pcf.MessageControllerTest"/>
  <testcase name="getAckMessage" time="0.140" classname="kr.co.adflow.pms.core.pcf.MessageControllerTest"/>
  <testcase name="getStatistics" time="0.186" classname="kr.co.adflow.pms.core.pcf.MessageControllerTest"/>
  <testcase name="getMessage" time="0.276" classname="kr.co.adflow.pms.core.pcf.MessageControllerTest"/>
</testsuite> <!-- kr.co.adflow.pms.core.pcf.MessageControllerTest -->
