<?xml version="1.0" encoding="UTF-8"?>
<!-- Generated by org.testng.reporters.JUnitReportReporter -->
<testsuite hostname="chan-PC" name="kr.co.adflow.pms.core.pcf.TestSendMessage" tests="1" failures="0" timestamp="24 Sep 2015 06:50:18 GMT" time="0.345" errors="0">
  <testcase name="testMessageService" time="0.345" classname="kr.co.adflow.pms.core.pcf.TestSendMessage"/>
</testsuite> <!-- kr.co.adflow.pms.core.pcf.TestSendMessage -->
