<?xml version="1.0" encoding="UTF-8"?>
<!-- Generated by org.testng.reporters.JUnitReportReporter -->
<testsuite hostname="chan-PC" name="kr.co.adflow.pms.core.test.RoleControllerTest" tests="4" failures="0" timestamp="9 Nov 2015 07:57:26 GMT" time="4.426" errors="0">
  <testcase name="getRole" time="0.918" classname="kr.co.adflow.pms.core.test.RoleControllerTest"/>
  <testcase name="deleteRole" time="0.975" classname="kr.co.adflow.pms.core.test.RoleControllerTest"/>
  <testcase name="updateRole" time="0.917" classname="kr.co.adflow.pms.core.test.RoleControllerTest"/>
  <testcase name="createRole" time="1.616" classname="kr.co.adflow.pms.core.test.RoleControllerTest"/>
</testsuite> <!-- kr.co.adflow.pms.core.test.RoleControllerTest -->
