<?xml version="1.0" encoding="UTF-8"?>
<!-- Generated by org.testng.reporters.JUnitReportReporter -->
<testsuite hostname="chan-PC" name="kr.co.adflow.pms.core.test.TokenControllerTest" tests="3" failures="0" timestamp="10 Nov 2015 05:55:05 GMT" time="4.267" errors="0">
  <testcase name="getTopicInfo" time="0.419" classname="kr.co.adflow.pms.core.test.TokenControllerTest"/>
  <testcase name="tokenValidate" time="0.911" classname="kr.co.adflow.pms.core.test.TokenControllerTest"/>
  <testcase name="tokenCreate" time="2.937" classname="kr.co.adflow.pms.core.test.TokenControllerTest"/>
</testsuite> <!-- kr.co.adflow.pms.core.test.TokenControllerTest -->
