<?xml version="1.0" encoding="UTF-8"?>
<!-- Generated by org.testng.reporters.JUnitReportReporter -->
<testsuite hostname="chan-PC" name="kr.co.adflow.pms.core.test.UserControllerTest" tests="4" failures="0" timestamp="10 Nov 2015 05:49:57 GMT" time="9.961" errors="0">
  <testcase name="createUser" time="3.281" classname="kr.co.adflow.pms.core.test.UserControllerTest"/>
  <testcase name="getUserInfo" time="0.927" classname="kr.co.adflow.pms.core.test.UserControllerTest"/>
  <testcase name="deleteUser" time="3.132" classname="kr.co.adflow.pms.core.test.UserControllerTest"/>
  <testcase name="updateUser" time="2.621" classname="kr.co.adflow.pms.core.test.UserControllerTest"/>
</testsuite> <!-- kr.co.adflow.pms.core.test.UserControllerTest -->
