<?xml version="1.0" encoding="UTF-8"?>
<!-- Generated by org.testng.reporters.JUnitReportReporter -->
<testsuite hostname="chan-PC" name="kr.co.adflow.pms.core.pcf.MessageControllerTest" tests="3" failures="0" timestamp="21 Oct 2015 11:02:10 GMT" time="0.922" errors="0">
  <testcase name="getStatistics" time="0.149" classname="kr.co.adflow.pms.core.pcf.MessageControllerTest"/>
  <testcase name="messageSendTest" time="0.519" classname="kr.co.adflow.pms.core.pcf.MessageControllerTest"/>
  <testcase name="getMessage" time="0.254" classname="kr.co.adflow.pms.core.pcf.MessageControllerTest"/>
</testsuite> <!-- kr.co.adflow.pms.core.pcf.MessageControllerTest -->
