<?xml version="1.0" encoding="UTF-8"?>
<!-- Generated by org.testng.reporters.JUnitReportReporter -->
<testsuite hostname="chan-PC" name="kr.co.adflow.pms.core.pcf.UserControllerTest" tests="1" failures="0" timestamp="22 Oct 2015 08:25:43 GMT" time="0.746" errors="0">
  <testcase name="createUser" time="0.746" classname="kr.co.adflow.pms.core.pcf.UserControllerTest"/>
</testsuite> <!-- kr.co.adflow.pms.core.pcf.UserControllerTest -->
