<?xml version="1.0" encoding="UTF-8"?>
<!-- Generated by org.testng.reporters.JUnitReportReporter -->
<testsuite hostname="chan-PC" name="kr.co.adflow.pms.core.pcf.MessageControllerTest" tests="1" failures="0" timestamp="26 Oct 2015 09:06:12 GMT" time="0.017" errors="0">
  <testcase name="test" time="0.017" classname="kr.co.adflow.pms.core.pcf.MessageControllerTest"/>
</testsuite> <!-- kr.co.adflow.pms.core.pcf.MessageControllerTest -->
