<?xml version="1.0" encoding="UTF-8"?>
<!-- Generated by org.testng.reporters.JUnitReportReporter -->
<testsuite hostname="chan-PC" name="kr.co.adflow.pms.core.pcf.MessageControllerTest" tests="4" failures="0" timestamp="23 Oct 2015 06:03:40 GMT" time="1.711" errors="0">
  <testcase name="messageSendTest" time="0.689" classname="kr.co.adflow.pms.core.pcf.MessageControllerTest"/>
  <testcase name="getMessage" time="0.416" classname="kr.co.adflow.pms.core.pcf.MessageControllerTest"/>
  <testcase name="getStatistics" time="0.377" classname="kr.co.adflow.pms.core.pcf.MessageControllerTest"/>
  <testcase name="getAckMessage" time="0.229" classname="kr.co.adflow.pms.core.pcf.MessageControllerTest"/>
</testsuite> <!-- kr.co.adflow.pms.core.pcf.MessageControllerTest -->
